<?xml version="1.0" encoding="UTF-8"?>
<testng-results ignored="0" total="1" passed="1" failed="0" skipped="0">
  <reporter-output>
  </reporter-output>
  <suite started-at="2022-04-22T14:00:09 IST" name="Default suite" finished-at="2022-04-22T14:00:13 IST" duration-ms="4179">
    <groups>
    </groups>
    <test started-at="2022-04-22T14:00:09 IST" name="Default test" finished-at="2022-04-22T14:00:13 IST" duration-ms="4179">
      <class name="part_1.TC_003_Get_ValidateHeaders">
        <test-method signature="getUserDetails()[pri:0, instance:part_1.TC_003_Get_ValidateHeaders@5c909414]" started-at="2022-04-22T14:00:09 IST" name="getUserDetails" finished-at="2022-04-22T14:00:13 IST" duration-ms="4084" status="PASS">
          <reporter-output>
          </reporter-output>
        </test-method> <!-- getUserDetails -->
      </class> <!-- part_1.TC_003_Get_ValidateHeaders -->
    </test> <!-- Default test -->
  </suite> <!-- Default suite -->
</testng-results>
